<?xml version="1.0" encoding="UTF-8"?>
<robot generator="Robot 3.2.2 (Python 3.8.6 on darwin)" generated="20210124 15:51:53.095" rpa="false">
<suite id="s1" name="Registration Test" source="/Users/aayush/PycharmProjects/robot_framework_test_demo/test_cases/registration_test.robot">
<test id="s1-t1" name="Registration_test_case">
<kw name="open_my_browser" library="registration_page_keywords">
<arguments>
<arg>${SITE_URL}</arg>
<arg>${BROWSER}</arg>
</arguments>
<kw name="Open Browser" library="SeleniumLibrary">
<doc>Opens a new browser instance to the optional ``url``.</doc>
<arguments>
<arg>${url}</arg>
<arg>${browser}</arg>
</arguments>
<msg timestamp="20210124 15:51:53.626" level="INFO">Opening browser 'chrome' to base url 'https://www.shopclues.com/'.</msg>
<status status="PASS" starttime="20210124 15:51:53.626" endtime="20210124 15:52:06.002"></status>
</kw>
<status status="PASS" starttime="20210124 15:51:53.624" endtime="20210124 15:52:06.003"></status>
</kw>
<kw name="maximize_window" library="registration_page_keywords">
<kw name="Maximize Browser Window" library="SeleniumLibrary">
<doc>Maximizes current browser window.</doc>
<status status="PASS" starttime="20210124 15:52:06.005" endtime="20210124 15:52:06.234"></status>
</kw>
<status status="PASS" starttime="20210124 15:52:06.003" endtime="20210124 15:52:06.235"></status>
</kw>
<kw name="Set Selenium Speed" library="SeleniumLibrary">
<doc>Sets the delay that is waited after each Selenium command.</doc>
<arguments>
<arg>5 seconds</arg>
</arguments>
<status status="PASS" starttime="20210124 15:52:06.236" endtime="20210124 15:52:06.236"></status>
</kw>
<kw name="goto_registration_page" library="registration_page_keywords">
<kw name="Click Link" library="SeleniumLibrary">
<doc>Clicks a link identified by ``locator``.</doc>
<arguments>
<arg>${sign_up_link}</arg>
</arguments>
<msg timestamp="20210124 15:52:06.238" level="INFO">Clicking link 'xpath://a[text()='Sign In']'.</msg>
<status status="PASS" starttime="20210124 15:52:06.238" endtime="20210124 15:52:21.395"></status>
</kw>
<kw name="Sleep" library="BuiltIn">
<doc>Pauses the test executed for the given time.</doc>
<arguments>
<arg>3</arg>
</arguments>
<msg timestamp="20210124 15:52:24.397" level="INFO">Slept 3 seconds</msg>
<status status="PASS" starttime="20210124 15:52:21.395" endtime="20210124 15:52:24.398"></status>
</kw>
<kw name="Click Element" library="SeleniumLibrary">
<doc>Click the element identified by ``locator``.</doc>
<arguments>
<arg>${click_register}</arg>
</arguments>
<msg timestamp="20210124 15:52:24.399" level="INFO">Clicking element 'xpath://a[text()='REGISTER']'.</msg>
<kw name="Capture Page Screenshot" library="SeleniumLibrary">
<doc>Takes a screenshot of the current page and embeds it into a log file.</doc>
<msg timestamp="20210124 15:52:35.930" level="INFO" html="yes">&lt;/td&gt;&lt;/tr&gt;&lt;tr&gt;&lt;td colspan="3"&gt;&lt;a href="selenium-screenshot-9.png"&gt;&lt;img src="selenium-screenshot-9.png" width="800px"&gt;&lt;/a&gt;</msg>
<status status="PASS" starttime="20210124 15:52:30.486" endtime="20210124 15:52:35.931"></status>
</kw>
<msg timestamp="20210124 15:52:35.950" level="FAIL">ElementClickInterceptedException: Message: element click intercepted: Element &lt;a id="reg_tab" href="javascript:void(0);" tab-type="#register" onclick="signupLoginDsktpMngr.loginRegisterTabClick(this)"&gt;...&lt;/a&gt; is not clickable at point (720, 89). Other element would receive the click: &lt;p class="moe-notification-message-safari"&gt;...&lt;/p&gt;
  (Session info: chrome=87.0.4280.141)
</msg>
<status status="FAIL" starttime="20210124 15:52:24.399" endtime="20210124 15:52:35.950"></status>
</kw>
<status status="FAIL" starttime="20210124 15:52:06.237" endtime="20210124 15:52:35.951"></status>
</kw>
<status status="FAIL" starttime="20210124 15:51:53.623" endtime="20210124 15:52:35.952" critical="yes">ElementClickInterceptedException: Message: element click intercepted: Element &lt;a id="reg_tab" href="javascript:void(0);" tab-type="#register" onclick="signupLoginDsktpMngr.loginRegisterTabClick(this)"&gt;...&lt;/a&gt; is not clickable at point (720, 89). Other element would receive the click: &lt;p class="moe-notification-message-safari"&gt;...&lt;/p&gt;
  (Session info: chrome=87.0.4280.141)
</status>
</test>
<status status="FAIL" starttime="20210124 15:51:53.099" endtime="20210124 15:52:35.955"></status>
</suite>
<statistics>
<total>
<stat pass="0" fail="1">Critical Tests</stat>
<stat pass="0" fail="1">All Tests</stat>
</total>
<tag>
</tag>
<suite>
<stat pass="0" fail="1" id="s1" name="Registration Test">Registration Test</stat>
</suite>
</statistics>
<errors>
</errors>
</robot>
